2020-09-02 17:19:01,740 INFO f.WebFactory [main] Драйвер Firefox поднят
2020-09-02 17:20:05,281 INFO f.WebFactory [main] Драйвер Firefox поднят
2020-09-02 17:21:07,873 INFO f.WebFactory [main] Драйвер Firefox поднят
2020-09-02 17:21:43,519 INFO f.WebFactory [main] Драйвер Firefox поднят
2020-09-02 17:25:16,903 INFO f.WebFactory [main] Драйвер Chrome поднят
2020-09-02 17:25:40,760 INFO f.WebFactory [main] Драйвер Chrome поднят
2020-09-02 18:04:50,780 INFO f.WebFactory [main] Драйвер Chrome поднят
2020-09-02 18:05:57,635 INFO f.WebFactory [main] Драйвер Chrome поднят
2020-09-02 18:06:09,546 INFO f.WebFactory [main] Драйвер Chrome поднят
2020-09-02 18:07:25,418 INFO f.WebFactory [main] Драйвер Chrome поднят
2020-09-02 18:07:31,333 INFO f.WebFactory [main] Драйвер Chrome поднят
2020-09-02 18:09:23,493 INFO f.WebFactory [main] Драйвер Chrome поднят
2020-09-03 10:44:32,679 INFO f.WebFactory [main] Драйвер Chrome поднят
2020-09-03 11:06:47,547 INFO f.WebFactory [main] Драйвер Chrome поднят
2020-09-03 11:06:56,477 INFO c.c.p.PlayersPage [main] Was found [[[ChromeDriver: chrome on MAC (6ab260f429c66210223149091f8c30f3)] -> css selector: div#searchResults .player-card]] result matchingTiger
2020-09-03 11:06:56,655 INFO f.WebFactory [main] Драйвер Chrome поднят
2020-09-03 11:09:33,999 INFO f.WebFactory [main] Драйвер Chrome поднят
2020-09-03 11:09:40,060 INFO c.c.p.PlayersPage [main] Was found 1 result matchingTiger
2020-09-03 11:09:40,209 INFO f.WebFactory [main] Драйвер Chrome поднят
2020-09-03 11:15:31,027 INFO f.WebFactory [main] Драйвер Chrome поднят
2020-09-03 11:15:38,718 INFO c.c.p.PlayersPage [main] Was found 1 result matching Tiger
2020-09-03 11:15:38,882 INFO f.WebFactory [main] Драйвер Chrome поднят
2020-09-03 11:16:25,687 INFO f.WebFactory [main] Драйвер Chrome поднят
2020-09-03 11:16:31,993 INFO c.c.p.PlayersPage [main] Was found 1 result matching Tiger
2020-09-03 11:16:32,152 INFO f.WebFactory [main] Драйвер Chrome поднят
2020-09-03 11:32:16,612 INFO f.WebFactory [main] Драйвер Chrome поднят
2020-09-03 11:32:24,619 INFO c.c.p.PlayersPage [main] Was found 1 result matching Tiger
2020-09-03 11:32:24,781 INFO f.WebFactory [main] Драйвер Chrome поднят
2020-09-03 11:32:34,245 INFO c.c.p.PlayersPage [main] No result message is present
2020-09-03 11:34:13,617 INFO f.WebFactory [main] Драйвер Chrome поднят
2020-09-03 11:34:19,971 INFO c.c.p.PlayersPage [main] Was found 1 result matching Tiger
2020-09-03 11:34:20,135 INFO f.WebFactory [main] Драйвер Chrome поднят
2020-09-03 11:34:29,937 INFO c.c.p.PlayersPage [main] No result message is present
2020-09-03 11:36:08,543 INFO f.WebFactory [main] Драйвер Firefox поднят
2020-09-03 11:36:21,906 INFO c.c.p.PlayersPage [main] Was found 1 result matching Tiger
2020-09-03 11:36:24,395 INFO f.WebFactory [main] Драйвер Firefox поднят
2020-09-03 11:36:38,721 INFO c.c.p.PlayersPage [main] No result message is present
2020-09-03 12:54:09,641 INFO f.WebFactory [main] Драйвер Safari поднят
2020-09-03 12:54:19,626 INFO f.WebFactory [main] Драйвер Safari поднят
2020-09-03 12:55:17,268 INFO f.WebFactory [main] Драйвер Chrome поднят
2020-09-03 12:55:27,081 INFO c.c.p.PlayersPage [main] Was found 1 result matching Tiger
2020-09-03 12:55:27,127 INFO f.WebFactory [main] Драйвер Chrome поднят
2020-09-03 12:55:37,478 INFO c.c.p.PlayersPage [main] No result message is present
2020-09-03 12:55:37,502 INFO f.WebFactory [main] Драйвер Chrome поднят
2020-09-03 12:57:07,851 INFO f.WebFactory [main] Драйвер Chrome поднят
2020-09-03 12:57:16,492 INFO c.c.p.PlayersPage [main] Was found 1 result matching Tiger
2020-09-03 12:57:16,521 INFO f.WebFactory [main] Драйвер Chrome поднят
2020-09-03 12:57:27,819 INFO c.c.p.PlayersPage [main] No result message is present
2020-09-03 12:57:28,149 INFO f.WebFactory [main] Драйвер Firefox поднят
2020-09-03 12:57:38,481 INFO c.c.p.PlayersPage [main] Was found 1 result matching Tiger
2020-09-03 12:57:38,516 INFO f.WebFactory [main] Драйвер Firefox поднят
2020-09-03 12:57:56,104 INFO c.c.p.PlayersPage [main] No result message is present
2020-09-03 12:57:56,119 INFO f.WebFactory [main] Драйвер Safari поднят
2020-09-03 12:58:02,415 INFO f.WebFactory [main] Драйвер Safari поднят
2020-09-03 12:58:32,469 INFO f.WebFactory [main] Драйвер Chrome поднят
2020-09-03 12:58:38,755 INFO c.c.p.PlayersPage [main] Was found 1 result matching Tiger
2020-09-03 12:58:38,786 INFO f.WebFactory [main] Драйвер Chrome поднят
2020-09-03 12:58:49,740 INFO c.c.p.PlayersPage [main] No result message is present
2020-09-03 12:58:49,775 INFO f.WebFactory [main] Драйвер Firefox поднят
2020-09-03 12:59:34,300 INFO f.WebFactory [main] Драйвер Chrome поднят
2020-09-03 12:59:41,141 INFO c.c.p.PlayersPage [main] Was found 1 result matching Tiger
2020-09-03 12:59:41,180 INFO f.WebFactory [main] Драйвер Chrome поднят
2020-09-03 12:59:52,416 INFO c.c.p.PlayersPage [main] No result message is present
2020-09-03 12:59:52,439 INFO f.WebFactory [main] Драйвер Firefox поднят
2020-09-03 13:01:13,424 INFO f.WebFactory [main] Драйвер Chrome поднят
2020-09-03 13:01:19,689 INFO c.c.p.PlayersPage [main] Was found 1 result matching Tiger
2020-09-03 13:01:19,826 INFO f.WebFactory [main] Драйвер Chrome поднят
2020-09-03 13:01:30,106 INFO c.c.p.PlayersPage [main] No result message is present
2020-09-03 13:01:30,253 INFO f.WebFactory [main] Драйвер Chrome поднят
2020-09-03 13:02:02,516 INFO f.WebFactory [main] Драйвер Safari поднят
2020-09-03 13:02:10,264 INFO f.WebFactory [main] Драйвер Safari поднят
2020-09-03 13:04:02,595 INFO f.WebFactory [main] Драйвер Chrome поднят
2020-09-03 13:04:10,206 INFO c.c.p.PlayersPage [main] Was found 1 result matching Tiger
2020-09-03 13:04:10,361 INFO f.WebFactory [main] Драйвер Chrome поднят
2020-09-03 13:04:20,115 INFO c.c.p.PlayersPage [main] No result message is present
2020-09-03 13:04:20,252 INFO f.WebFactory [main] Драйвер Firefox поднят
2020-09-03 13:04:27,813 INFO c.c.p.PlayersPage [main] Was found 1 result matching Tiger
2020-09-03 13:04:30,270 INFO f.WebFactory [main] Драйвер Firefox поднят
2020-09-03 13:04:42,442 INFO c.c.p.PlayersPage [main] No result message is present
2020-09-03 13:04:45,847 INFO f.WebFactory [main] Драйвер Safari поднят
2020-09-03 13:05:06,599 INFO f.WebFactory [main] Драйвер Safari поднят
2020-09-03 13:05:29,476 INFO f.WebFactory [main] Драйвер IE поднят
2020-09-03 13:05:30,015 INFO f.WebFactory [main] Драйвер IE поднят
2020-09-03 13:07:52,136 INFO f.WebFactory [main] Драйвер Chrome поднят
2020-09-03 13:07:58,161 INFO f.WebFactory [main] Драйвер Chrome поднят
2020-09-03 13:08:02,696 INFO f.WebFactory [main] Драйвер Firefox поднят
2020-09-03 13:08:36,370 INFO f.WebFactory [main] Драйвер Chrome поднят
2020-09-03 13:08:41,924 INFO f.WebFactory [main] Драйвер Chrome поднят
2020-09-03 13:09:41,106 INFO f.WebFactory [main] Драйвер Chrome поднят
2020-09-03 13:09:46,325 INFO f.WebFactory [main] Драйвер Chrome поднят
2020-09-03 13:10:16,584 INFO f.WebFactory [main] Драйвер Chrome поднят
2020-09-03 13:10:21,742 INFO f.WebFactory [main] Драйвер Chrome поднят
2020-09-03 13:10:26,911 INFO f.WebFactory [main] Драйвер Firefox поднят
2020-09-03 13:10:41,143 INFO f.WebFactory [main] Драйвер Chrome поднят
2020-09-03 13:10:47,487 INFO c.c.p.PlayersPage [main] Was found 1 result matching Tiger
2020-09-03 13:10:47,662 INFO f.WebFactory [main] Драйвер Chrome поднят
2020-09-03 13:21:27,661 INFO f.WebFactory [main] Драйвер Chrome поднят
2020-09-03 13:21:44,255 INFO f.WebFactory [main] Драйвер Chrome поднят
2020-09-03 13:21:58,125 INFO f.WebFactory [main] Драйвер Chrome поднят
2020-09-03 13:22:03,097 INFO f.WebFactory [main] Драйвер Chrome поднят
2020-09-03 13:26:59,858 INFO f.WebFactory [main] Драйвер Chrome поднят
2020-09-03 13:27:09,142 INFO c.c.p.PlayersPage [main] Was found 1 result matching Tiger
2020-09-03 13:27:09,332 INFO f.WebFactory [main] Драйвер Chrome поднят
2020-09-03 13:27:19,352 INFO c.c.p.PlayersPage [main] No result message is present
2020-09-03 13:27:19,491 INFO f.WebFactory [main] Драйвер Firefox поднят
2020-09-03 13:27:27,089 INFO c.c.p.PlayersPage [main] Was found 1 result matching Tiger
2020-09-03 13:27:29,572 INFO f.WebFactory [main] Драйвер Firefox поднят
2020-09-03 13:27:41,270 INFO c.c.p.PlayersPage [main] No result message is present
2020-09-03 13:27:43,730 INFO f.WebFactory [main] Драйвер Safari поднят
2020-09-03 13:27:49,632 INFO f.WebFactory [main] Драйвер Safari поднят
2020-09-03 13:28:04,020 INFO c.c.p.PlayersPage [main] No result message is present
2020-09-03 13:28:05,200 INFO f.WebFactory [main] Драйвер IE поднят
2020-09-03 13:28:05,789 INFO f.WebFactory [main] Драйвер IE поднят
2020-09-03 14:19:47,436 INFO f.WebFactory [main] Драйвер Chrome поднят
2020-09-03 14:19:56,900 INFO c.c.p.PlayersPage [main] Was found 1 result matching Tiger
2020-09-03 14:19:57,080 INFO f.WebFactory [main] Драйвер Chrome поднят
2020-09-03 14:20:06,871 INFO c.c.p.PlayersPage [main] No result message is present
2020-09-03 14:20:07,005 INFO f.WebFactory [main] Драйвер Chrome поднят
2020-09-03 14:27:06,819 INFO f.WebFactory [main] Driver Safari was up
2020-09-03 14:27:18,639 INFO c.c.p.PlayersPage [main] Was found 1 result matching Tiger
2020-09-03 14:27:18,797 INFO f.WebFactory [main] Driver Safari was up
2020-09-03 14:27:33,968 INFO c.c.p.PlayersPage [main] 'No result' message is displayed
2020-10-02 16:34:42,393 INFO f.WebFactory [main] Driver Chrome was up
2020-10-02 16:35:14,053 INFO f.WebFactory [main] Driver Chrome was up
2020-10-02 16:35:35,787 INFO c.c.p.PlayersPage [main] 'No result' message is displayed
2020-10-02 16:35:37,689 INFO f.WebFactory [main] Driver Firefox was up
2020-10-02 16:35:49,847 INFO c.c.p.PlayersPage [main] Was found 1 result matching Tiger
2020-10-02 16:35:50,519 INFO f.WebFactory [main] Driver Firefox was up
2020-10-02 16:36:06,754 INFO c.c.p.PlayersPage [main] 'No result' message is displayed
2020-10-02 16:37:19,701 INFO f.WebFactory [main] Driver Chrome was up
2020-10-02 16:37:39,056 INFO c.c.p.PlayersPage [main] Was found 1 result matching Tiger
2020-10-02 16:37:39,430 INFO f.WebFactory [main] Driver Chrome was up
2020-10-02 16:38:06,456 INFO c.c.p.PlayersPage [main] 'No result' message is displayed
2020-10-02 16:38:47,088 INFO f.WebFactory [main] Driver Chrome was up
2020-10-02 16:39:07,959 INFO c.c.p.PlayersPage [main] Was found 1 result matching Tiger
2020-10-02 16:39:08,147 INFO f.WebFactory [main] Driver Chrome was up
2020-10-02 16:39:29,822 INFO c.c.p.PlayersPage [main] 'No result' message is displayed
2020-10-02 16:39:30,003 INFO f.WebFactory [main] Driver Firefox was up
2020-10-02 16:55:02,026 INFO f.WebFactory [main] Driver Chrome was up
2020-10-02 16:55:19,344 INFO c.c.p.PlayersPage [main] Was found 1 result matching Tiger
2020-10-02 16:55:23,306 INFO f.WebFactory [main] Driver Chrome was up
2020-10-02 17:16:14,111 INFO f.WebFactory [main] Driver Chrome was up
2020-10-02 17:16:35,039 INFO c.c.p.PlayersPage [main] Was found 1 result matching Tiger
2020-10-02 17:16:39,078 INFO c.c.p.PlayersPage [main] TIGER WOODS
2020-10-02 17:16:39,462 INFO f.WebFactory [main] Driver Chrome was up
2020-10-02 17:36:53,305 INFO f.WebFactory [main] Driver Chrome was up
2020-10-02 17:37:15,969 INFO c.c.p.PlayersPage [main] Was found 1 result matching Tiger
2020-10-02 17:37:28,044 INFO c.c.p.PlayersPage [main] TIGER WOODS
2020-10-02 17:37:28,393 INFO f.WebFactory [main] Driver Chrome was up
2020-10-02 17:37:55,313 INFO c.c.p.PlayersPage [main] 'No result' message is displayed
2020-10-02 17:38:03,308 INFO f.WebFactory [main] Driver Firefox was up
2020-10-02 17:38:19,657 INFO c.c.p.PlayersPage [main] Was found 1 result matching Tiger
2020-10-02 17:38:20,364 INFO f.WebFactory [main] Driver Firefox was up
2020-10-02 17:38:36,407 INFO c.c.p.PlayersPage [main] 'No result' message is displayed
2020-10-02 17:38:37,081 INFO f.WebFactory [main] Driver Safari was up
2020-10-02 17:38:46,079 INFO f.WebFactory [main] Driver Safari was up
2020-10-02 17:40:51,250 INFO f.WebFactory [main] Driver Chrome was up
2020-10-02 17:41:09,191 INFO c.c.p.PlayersPage [main] Was found 1 result matching Tiger
2020-10-02 17:41:13,175 INFO c.c.p.PlayersPage [main] TIGER WOODS
2020-10-02 17:41:13,527 INFO f.WebFactory [main] Driver Chrome was up
2020-10-02 17:41:38,538 INFO c.c.p.PlayersPage [main] 'No result' message is displayed
2020-10-02 17:41:45,336 INFO f.WebFactory [main] Driver Firefox was up
2020-10-02 17:41:57,955 INFO c.c.p.PlayersPage [main] Was found 1 result matching Tiger
2020-10-02 17:41:58,587 INFO f.WebFactory [main] Driver Firefox was up
2020-10-02 17:42:14,081 INFO c.c.p.PlayersPage [main] 'No result' message is displayed
2020-10-02 17:42:16,261 INFO f.WebFactory [main] Driver Safari was up
2020-10-02 17:43:09,281 INFO f.WebFactory [main] Driver Chrome was up
2020-10-02 17:43:30,779 INFO c.c.p.PlayersPage [main] Was found 1 result matching Tiger
2020-10-02 17:43:34,888 INFO c.c.p.PlayersPage [main] TIGER WOODS
2020-10-02 17:43:35,161 INFO f.WebFactory [main] Driver Chrome was up
2020-10-02 17:44:02,064 INFO c.c.p.PlayersPage [main] 'No result' message is displayed
2020-10-02 17:44:08,786 INFO f.WebFactory [main] Driver Firefox was up
2020-10-02 17:44:21,224 INFO c.c.p.PlayersPage [main] Was found 1 result matching Tiger
2020-10-02 17:44:21,862 INFO f.WebFactory [main] Driver Firefox was up
2020-10-02 17:44:47,129 INFO c.c.p.PlayersPage [main] 'No result' message is displayed
2020-10-02 17:44:47,937 INFO f.WebFactory [main] Driver Safari was up
2020-10-02 17:44:56,721 INFO f.WebFactory [main] Driver Safari was up
2020-10-02 17:45:03,201 INFO f.WebFactory [main] Driver IE was up
2020-10-02 17:45:03,670 INFO f.WebFactory [main] Driver IE was up
2020-10-02 17:47:14,293 INFO f.WebFactory [main] Driver Chrome was up
2020-10-02 17:47:35,566 INFO c.c.p.PlayersPage [main] Was found 1 result matching Tiger
2020-10-02 17:47:36,010 INFO f.WebFactory [main] Driver Chrome was up
2020-10-02 17:48:01,370 INFO c.c.p.PlayersPage [main] 'No result' message is displayed
2020-10-02 17:49:08,329 INFO f.WebFactory [main] Driver Chrome was up
2020-10-02 17:49:32,973 INFO c.c.p.PlayersPage [main] Was found 1 result matching Tiger
2020-10-02 17:49:33,353 INFO f.WebFactory [main] Driver Chrome was up
2020-10-02 17:50:01,096 INFO c.c.p.PlayersPage [main] 'No result' message is displayed
2020-10-02 17:50:53,441 INFO f.WebFactory [main] Driver Chrome was up
2020-10-02 17:51:12,073 INFO c.c.p.PlayersPage [main] Was found 1 result matching Tiger
2020-10-02 17:51:15,797 INFO c.c.p.PlayersPage [main] TIGER WOODS
2020-10-02 17:51:16,020 INFO f.WebFactory [main] Driver Chrome was up
2020-10-02 17:51:43,315 INFO c.c.p.PlayersPage [main] 'No result' message is displayed
2020-10-02 17:51:43,500 INFO f.WebFactory [main] Driver Firefox was up
2020-10-02 17:51:55,812 INFO c.c.p.PlayersPage [main] Was found 1 result matching Tiger
2020-10-02 17:51:57,376 INFO c.c.p.PlayersPage [main] TIGER WOODS
2020-10-02 17:51:58,065 INFO f.WebFactory [main] Driver Firefox was up
2020-10-02 17:52:13,846 INFO c.c.p.PlayersPage [main] 'No result' message is displayed
2020-10-02 17:52:14,508 INFO f.WebFactory [main] Driver Safari was up
2020-10-02 17:52:19,861 INFO f.WebFactory [main] Driver Safari was up
2020-10-02 17:52:27,208 INFO f.WebFactory [main] Driver IE was up
2020-10-02 17:52:27,729 INFO f.WebFactory [main] Driver IE was up
2020-10-02 17:55:08,717 INFO f.WebFactory [main] Driver Chrome was up
2020-10-02 17:55:36,578 INFO f.WebFactory [main] Driver Chrome was up
2020-10-02 17:56:05,244 INFO c.c.p.PlayersPage [main] 'No result' message is displayed
2020-10-02 17:57:44,469 INFO f.WebFactory [main] Driver Chrome was up
2020-10-02 17:58:04,764 INFO c.c.p.PlayersPage [main] Was found 1 result matching Tiger
2020-10-02 17:58:05,186 INFO f.WebFactory [main] Driver Chrome was up
2020-10-02 17:58:32,190 INFO c.c.p.PlayersPage [main] 'No result' message is displayed
2020-10-02 18:02:23,043 INFO f.WebFactory [main] Driver Chrome was up
2020-10-02 18:03:24,509 INFO f.WebFactory [main] Driver Chrome was up
2020-10-02 18:03:49,314 INFO c.c.p.PlayersPage [main] Was found 1 result matching Tiger
2020-10-02 18:03:49,683 INFO f.WebFactory [main] Driver Chrome was up
2020-10-02 18:04:15,210 INFO c.c.p.PlayersPage [main] 'No result' message is displayed
2020-10-02 18:10:37,900 INFO f.WebFactory [main] Driver Chrome was up
2020-10-02 18:10:57,367 INFO c.c.p.PlayersPage [main] Was found 1 result matching Tiger
2020-10-02 18:10:57,726 INFO f.WebFactory [main] Driver Chrome was up
2020-10-02 18:11:23,359 INFO c.c.p.PlayersPage [main] 'No result' message is displayed
2020-10-02 18:11:36,695 INFO f.WebFactory [main] Driver Chrome was up
2020-10-02 18:11:58,110 INFO c.c.p.PlayersPage [main] Was found 1 result matching Tiger
2020-10-02 18:11:58,325 INFO f.WebFactory [main] Driver Chrome was up
2020-10-02 18:12:19,808 INFO c.c.p.PlayersPage [main] 'No result' message is displayed
2020-10-02 18:19:36,559 INFO f.WebFactory [main] Driver Chrome was up
2020-10-02 18:19:55,989 INFO c.c.p.PlayersPage [main] Was found 1 result matching Tiger
2020-10-02 18:19:56,196 INFO f.WebFactory [main] Driver Chrome was up
2020-10-02 18:20:21,131 INFO c.c.p.PlayersPage [main] 'No result' message is displayed
2020-10-02 18:25:37,101 INFO f.WebFactory [main] Driver Chrome was up
2020-10-02 18:26:00,967 INFO c.c.p.PlayersPage [main] Was found 1 result matching Tiger
2020-10-02 18:26:01,395 INFO f.WebFactory [main] Driver Chrome was up
2020-10-02 18:26:24,013 INFO c.c.p.PlayersPage [main] 'No result' message is displayed
2020-10-02 19:57:29,109 INFO f.WebFactory [main] Driver Chrome was up
2020-10-02 19:57:47,832 INFO c.c.p.PlayersPage [main] Was found 1 result matching Tiger
2020-10-02 19:57:48,016 INFO f.WebFactory [main] Driver Chrome was up
2020-10-02 19:59:55,120 INFO f.WebFactory [main] Driver Chrome was up
2020-10-02 20:00:24,130 INFO f.WebFactory [main] Driver Chrome was up
2020-10-02 20:00:53,166 INFO c.c.p.PlayersPage [main] 'No result' message is displayed
2020-10-02 20:19:53,577 INFO f.WebFactory [main] Driver Chrome was up
2020-10-02 20:20:17,743 INFO f.WebFactory [main] Driver Chrome was up
2020-10-02 20:20:42,611 INFO c.c.p.PlayersPage [main] 'No result' message is displayed
2020-10-02 20:21:05,614 INFO f.WebFactory [main] Driver Firefox was up
2020-10-02 20:21:16,689 INFO c.c.p.PlayersPage [main] Was found 1 result matching Tiger
2020-10-02 20:21:17,435 INFO f.WebFactory [main] Driver Firefox was up
2020-10-02 20:21:37,416 INFO f.WebFactory [main] Driver Chrome was up
2020-10-02 20:22:00,265 INFO c.c.p.PlayersPage [main] Was found 1 result matching Tiger
2020-10-02 20:22:03,226 INFO f.WebFactory [main] Driver Chrome was up
2020-10-02 20:23:15,945 INFO f.WebFactory [main] Driver Chrome was up
2020-10-02 20:23:38,011 INFO c.c.p.PlayersPage [main] Was found 1 result matching Tiger
2020-10-02 20:23:41,086 INFO c.c.p.PlayersPage [main] [[ChromeDriver: chrome on MAC (ab018339d6d9b1f6525b9ea77366076b)] -> css selector: div#searchResults .hidden-small .player-firstname] [[ChromeDriver: chrome on MAC (ab018339d6d9b1f6525b9ea77366076b)] -> css selector: div#searchResults .hidden-small .player-surname]
2020-10-02 20:23:41,387 INFO f.WebFactory [main] Driver Chrome was up
2020-10-02 20:25:08,770 INFO f.WebFactory [main] Driver Chrome was up
2020-10-02 20:25:32,143 INFO c.c.p.PlayersPage [main] Was found 1 result matching Tiger
2020-10-02 20:25:34,862 INFO c.c.p.PlayersPage [main] [[ChromeDriver: chrome on MAC (35469547aa072c0393e0dcdfec13599e)] -> css selector: div#searchResults .hidden-small .player-firstname]
2020-10-02 20:25:34,872 INFO c.c.p.PlayersPage [main] [[ChromeDriver: chrome on MAC (35469547aa072c0393e0dcdfec13599e)] -> css selector: div#searchResults .hidden-small .player-surname]
2020-10-02 20:25:34,897 INFO c.c.p.PlayersPage [main] [[ChromeDriver: chrome on MAC (35469547aa072c0393e0dcdfec13599e)] -> css selector: div#searchResults .hidden-small .player-firstname] [[ChromeDriver: chrome on MAC (35469547aa072c0393e0dcdfec13599e)] -> css selector: div#searchResults .hidden-small .player-surname]
2020-10-02 20:25:35,230 INFO f.WebFactory [main] Driver Chrome was up
2020-10-02 20:25:56,768 INFO c.c.p.PlayersPage [main] 'No result' message is displayed
2020-10-02 20:25:58,111 INFO c.c.p.PlayersPage [main] Proxy element for: DefaultElementLocator 'By.cssSelector: div#searchResults .hidden-small .player-firstname'
2020-10-02 20:26:03,138 INFO c.c.p.PlayersPage [main] Proxy element for: DefaultElementLocator 'By.cssSelector: div#searchResults .hidden-small .player-surname'
2020-10-02 20:26:18,185 INFO c.c.p.PlayersPage [main] Proxy element for: DefaultElementLocator 'By.cssSelector: div#searchResults .hidden-small .player-firstname' Proxy element for: DefaultElementLocator 'By.cssSelector: div#searchResults .hidden-small .player-surname'
2020-10-02 20:26:18,469 INFO f.WebFactory [main] Driver Firefox was up
2020-10-02 20:27:41,137 INFO f.WebFactory [main] Driver Chrome was up
2020-10-02 20:27:52,349 INFO f.WebFactory [main] Driver Chrome was up
2020-10-02 20:28:14,775 INFO c.c.p.PlayersPage [main] Was found 1 result matching Tiger
2020-10-02 20:28:18,167 INFO c.c.p.PlayersPage [main] TIGER WOODS
2020-10-02 20:28:18,345 INFO f.WebFactory [main] Driver Chrome was up
2020-10-02 20:28:44,878 INFO c.c.p.PlayersPage [main] 'No result' message is displayed
2020-10-02 20:28:51,499 INFO f.WebFactory [main] Driver Firefox was up
2020-10-02 20:29:03,774 INFO c.c.p.PlayersPage [main] Was found 1 result matching Tiger
2020-10-02 20:29:04,537 INFO f.WebFactory [main] Driver Firefox was up
2020-10-02 20:29:21,303 INFO c.c.p.PlayersPage [main] 'No result' message is displayed
2020-10-02 20:29:21,930 INFO f.WebFactory [main] Driver Safari was up
2020-10-02 20:30:11,425 INFO f.WebFactory [main] Driver Chrome was up
2020-10-02 20:30:36,485 INFO f.WebFactory [main] Driver Chrome was up
2020-10-02 20:31:02,320 INFO c.c.p.PlayersPage [main] 'No result' message is displayed
2020-10-02 20:36:22,563 INFO f.WebFactory [main] Driver Chrome was up
2020-10-02 20:36:31,220 INFO f.WebFactory [main] Driver Chrome was up
2020-10-02 20:36:56,544 INFO f.WebFactory [main] Driver Chrome was up
2020-10-02 20:37:22,775 INFO c.c.p.PlayersPage [main] 'No result' message is displayed
2020-10-02 20:42:11,617 INFO f.WebFactory [main] Driver Chrome was up
2020-10-02 20:42:40,050 INFO f.WebFactory [main] Driver Chrome was up
2020-10-02 20:43:11,896 INFO c.c.p.PlayersPage [main] 'No result' message is displayed
2020-10-02 20:50:06,368 INFO f.WebFactory [main] Driver Chrome was up
2020-10-02 20:50:33,989 INFO c.c.p.PlayersPage [main] TIGER WOODS
2020-10-02 20:50:34,005 INFO c.c.p.PlayersPage [main] Was found 1 result matching Tiger
2020-10-02 20:50:34,245 INFO f.WebFactory [main] Driver Chrome was up
2020-10-02 20:51:42,540 INFO f.WebFactory [main] Driver Chrome was up
2020-10-02 20:52:07,320 INFO c.c.p.PlayersPage [main] TIGER WOODS
2020-10-02 20:52:07,339 INFO c.c.p.PlayersPage [main] Was found 1 result matching Tiger
2020-10-02 20:52:07,566 INFO f.WebFactory [main] Driver Chrome was up
2020-10-02 20:52:30,999 INFO c.c.p.PlayersPage [main] 'No result' message is displayed
2020-10-02 22:47:20,413 INFO f.WebFactory [main] Driver Chrome was up
2020-10-02 22:47:48,819 INFO f.WebFactory [main] Driver Chrome was up
2020-10-02 22:48:12,691 INFO c.c.p.PlayersPage [main] 'No result' message is displayed
2020-10-02 22:49:26,026 INFO f.WebFactory [main] Driver Chrome was up
2020-10-02 22:49:51,238 INFO f.WebFactory [main] Driver Chrome was up
2020-10-02 22:50:14,544 INFO c.c.p.PlayersPage [main] 'No result' message is displayed
2020-10-02 22:55:46,022 INFO f.WebFactory [main] Driver Chrome was up
2020-10-02 22:56:17,765 INFO f.WebFactory [main] Driver Chrome was up
2020-10-02 22:56:42,948 INFO c.c.p.PlayersPage [main] 'No result' message is displayed
2020-10-02 23:07:38,986 INFO f.WebFactory [main] Driver Chrome was up
2020-10-02 23:08:05,474 INFO f.WebFactory [main] Driver Chrome was up
2020-10-02 23:08:27,690 INFO c.c.p.PlayersPage [main] 'No result' message is displayed
2020-10-02 23:08:29,107 INFO f.WebFactory [main] Driver Firefox was up
2020-10-02 23:08:52,094 INFO c.c.p.PlayersPage [main] TIGER WOODS
2020-10-02 23:08:52,125 INFO c.c.p.PlayersPage [main] Was found 1 result matching Tiger
2020-10-02 23:08:52,706 INFO f.WebFactory [main] Driver Firefox was up
2020-10-02 23:09:07,717 INFO c.c.p.PlayersPage [main] 'No result' message is displayed
2020-10-02 23:09:08,236 INFO f.WebFactory [main] Driver Safari was up
2020-10-02 23:09:15,356 INFO f.WebFactory [main] Driver Safari was up
2020-10-02 23:09:22,005 INFO f.WebFactory [main] Driver IE was up
2020-10-02 23:09:22,749 INFO f.WebFactory [main] Driver IE was up
2020-10-02 23:11:30,449 INFO f.WebFactory [main] Driver Firefox was up
2020-10-02 23:11:47,967 INFO c.c.p.PlayersPage [main] TIGER WOODS
2020-10-02 23:11:47,979 INFO c.c.p.PlayersPage [main] Was found 1 result matching Tiger
2020-10-02 23:11:48,637 INFO f.WebFactory [main] Driver Firefox was up
2020-10-02 23:12:05,249 INFO c.c.p.PlayersPage [main] 'No result' message is displayed
2020-10-02 23:17:05,619 INFO f.WebFactory [main] Driver Chrome was up
2020-10-02 23:17:33,995 INFO c.c.p.PlayersPage [main] TIGER WOODS
2020-10-02 23:17:34,010 INFO c.c.p.PlayersPage [main] Was found 1 result matching Tiger
2020-10-02 23:17:34,211 INFO f.WebFactory [main] Driver Chrome was up
2020-10-02 23:18:01,004 INFO c.c.p.PlayersPage [main] 'No result' message is displayed
2020-10-02 23:18:01,195 INFO f.WebFactory [main] Driver Firefox was up
2020-10-02 23:18:18,315 INFO c.c.p.PlayersPage [main] TIGER WOODS
2020-10-02 23:18:18,323 INFO c.c.p.PlayersPage [main] Was found 1 result matching Tiger
2020-10-02 23:18:18,871 INFO f.WebFactory [main] Driver Firefox was up
2020-10-02 23:18:37,370 INFO c.c.p.PlayersPage [main] 'No result' message is displayed
